

================================================================
== Synthesis Summary Report of 'linear_i8'
================================================================
+ General Information: 
    * Date:           Thu Apr 30 15:48:58 2026
    * Version:        2025.1 (Build 6135595 on May 21 2025)
    * Project:        proj
    * Solution:       solution1 (Vivado IP Flow Target)
    * Product family: artix7
    * Target device:  xc7a100t-csg324-1
    

+ Performance & Resource Estimates: 
    
    PS: '+' for module; 'o' for loop; '*' for dataflow
    +---------------------------------------+------+------+---------+---------+----------+---------+------+----------+------+--------+-----------+----------+-----+
    |                Modules                | Issue|      |      Latency      | Iteration|         | Trip |          |      |        |           |          |     |
    |                & Loops                | Type | Slack| (cycles)|   (ns)  |  Latency | Interval| Count| Pipelined| BRAM |   DSP  |     FF    |    LUT   | URAM|
    +---------------------------------------+------+------+---------+---------+----------+---------+------+----------+------+--------+-----------+----------+-----+
    |+ linear_i8                            |     -|  0.64|       91|  910.000|         -|       92|     -|        no|     -|  9 (3%)|  685 (~0%)|  964 (1%)|    -|
    | + linear_i8_Pipeline_VITIS_LOOP_23_1  |     -|  1.76|       10|  100.000|         -|        9|     -|    rewind|     -|       -|    6 (~0%)|  53 (~0%)|    -|
    |  o VITIS_LOOP_23_1                    |     -|  7.30|        8|   80.000|         1|        1|     8|       yes|     -|       -|          -|         -|    -|
    | + linear_i8_Pipeline_l_S_i_0_i        |     -|  0.64|       72|  720.000|         -|       71|     -|    rewind|     -|  9 (3%)|  539 (~0%)|  740 (1%)|    -|
    |  o l_S_i_0_i                          |    II|  7.30|       70|  700.000|        15|        8|     8|       yes|     -|       -|          -|         -|    -|
    +---------------------------------------+------+------+---------+---------+----------+---------+------+----------+------+--------+-----------+----------+-----+


================================================================
== HW Interfaces
================================================================
* AP_MEMORY
+-------------+-----------+----------+
| Port        | Direction | Bitwidth |
+-------------+-----------+----------+
| v0_address0 | out       | 7        |
| v0_address1 | out       | 7        |
| v0_q0       | in        | 8        |
| v0_q1       | in        | 8        |
| v1_address0 | out       | 4        |
| v1_address1 | out       | 4        |
| v1_q0       | in        | 8        |
| v1_q1       | in        | 8        |
| v2_address0 | out       | 3        |
| v2_d0       | out       | 32       |
| v2_q0       | in        | 32       |
+-------------+-----------+----------+

* TOP LEVEL CONTROL
+-----------+------------+-----------------------------------+
| Interface | Type       | Ports                             |
+-----------+------------+-----------------------------------+
| ap_clk    | clock      | ap_clk                            |
| ap_rst    | reset      | ap_rst                            |
| ap_ctrl   | ap_ctrl_hs | ap_done ap_idle ap_ready ap_start |
+-----------+------------+-----------------------------------+


================================================================
== SW I/O Information
================================================================
* Top Function Arguments
+----------+-----------+--------------+
| Argument | Direction | Datatype     |
+----------+-----------+--------------+
| v0       | in        | signed char* |
| v1       | in        | signed char* |
| v2       | inout     | int*         |
+----------+-----------+--------------+

* SW-to-HW Mapping
+----------+--------------+---------+----------+
| Argument | HW Interface | HW Type | HW Usage |
+----------+--------------+---------+----------+
| v0       | v0_address0  | port    | offset   |
| v0       | v0_ce0       | port    |          |
| v0       | v0_q0        | port    |          |
| v0       | v0_address1  | port    | offset   |
| v0       | v0_ce1       | port    |          |
| v0       | v0_q1        | port    |          |
| v1       | v1_address0  | port    | offset   |
| v1       | v1_ce0       | port    |          |
| v1       | v1_q0        | port    |          |
| v1       | v1_address1  | port    | offset   |
| v1       | v1_ce1       | port    |          |
| v1       | v1_q1        | port    |          |
| v2       | v2_address0  | port    | offset   |
| v2       | v2_ce0       | port    |          |
| v2       | v2_we0       | port    |          |
| v2       | v2_d0        | port    |          |
| v2       | v2_q0        | port    |          |
+----------+--------------+---------+----------+


================================================================
== Bind Op Report
================================================================
+---------------------------------------+-----+--------+--------------+-------+-----------+---------+
| Name                                  | DSP | Pragma | Variable     | Op    | Impl      | Latency |
+---------------------------------------+-----+--------+--------------+-------+-----------+---------+
| + linear_i8                           | 9   |        |              |       |           |         |
|  + linear_i8_Pipeline_VITIS_LOOP_23_1 | 0   |        |              |       |           |         |
|    icmp_ln23_fu_58_p2                 |     |        | icmp_ln23    | seteq | auto      | 0       |
|    add_ln23_fu_64_p2                  |     |        | add_ln23     | add   | fabric    | 0       |
|  + linear_i8_Pipeline_l_S_i_0_i       | 9   |        |              |       |           |         |
|    icmp_ln26_fu_442_p2                |     |        | icmp_ln26    | seteq | auto      | 0       |
|    add_ln26_fu_448_p2                 |     |        | add_ln26     | add   | fabric    | 0       |
|    mac_muladd_8s_8s_16s_17_4_1_U10    | 1   |        | mul_ln45     | mul   | dsp_slice | 3       |
|    mac_muladd_8s_8s_16s_17_4_1_U10    | 1   |        | sext_ln45    | sext  | dsp_slice | 3       |
|    mac_muladd_8s_8s_32s_32_4_1_U9     | 1   |        | mul_ln45_1   | mul   | dsp_slice | 3       |
|    mac_muladd_8s_8s_32s_32_4_1_U9     | 1   |        | sext_ln45_1  | sext  | dsp_slice | 3       |
|    mul_8s_8s_16_1_1_U3                |     |        | mul_ln45_2   | mul   | auto      | 0       |
|    mac_muladd_8s_8s_16s_17_4_1_U11    | 1   |        | mul_ln45_3   | mul   | dsp_slice | 3       |
|    mac_muladd_8s_8s_16s_17_4_1_U11    | 1   |        | sext_ln45_3  | sext  | dsp_slice | 3       |
|    mul_8s_8s_16_1_1_U4                |     |        | mul_ln45_4   | mul   | auto      | 0       |
|    mac_muladd_8s_8s_16s_17_4_1_U13    | 1   |        | mul_ln45_5   | mul   | dsp_slice | 3       |
|    mac_muladd_8s_8s_16s_17_4_1_U13    | 1   |        | sext_ln45_5  | sext  | dsp_slice | 3       |
|    mul_8s_8s_16_1_1_U5                |     |        | mul_ln45_6   | mul   | auto      | 0       |
|    mac_muladd_8s_8s_16s_17_4_1_U14    | 1   |        | mul_ln45_7   | mul   | dsp_slice | 3       |
|    mac_muladd_8s_8s_16s_17_4_1_U14    | 1   |        | sext_ln45_7  | sext  | dsp_slice | 3       |
|    mul_8s_8s_16_1_1_U6                |     |        | mul_ln45_8   | mul   | auto      | 0       |
|    mac_muladd_8s_8s_16s_17_4_1_U15    | 1   |        | mul_ln45_9   | mul   | dsp_slice | 3       |
|    mac_muladd_8s_8s_16s_17_4_1_U15    | 1   |        | sext_ln45_9  | sext  | dsp_slice | 3       |
|    mul_8s_8s_16_1_1_U7                |     |        | mul_ln45_10  | mul   | auto      | 0       |
|    mac_muladd_8s_8s_16s_17_4_1_U16    | 1   |        | mul_ln45_11  | mul   | dsp_slice | 3       |
|    mac_muladd_8s_8s_16s_17_4_1_U16    | 1   |        | sext_ln45_11 | sext  | dsp_slice | 3       |
|    mul_8s_8s_16_1_1_U8                |     |        | mul_ln45_12  | mul   | auto      | 0       |
|    mac_muladd_8s_8s_16s_17_4_1_U17    | 1   |        | mul_ln45_13  | mul   | dsp_slice | 3       |
|    mac_muladd_8s_8s_16s_17_4_1_U17    | 1   |        | sext_ln45_13 | sext  | dsp_slice | 3       |
|    mac_muladd_8s_8s_17s_17_4_1_U12    | 1   |        | mul_ln45_14  | mul   | dsp_slice | 3       |
|    mac_muladd_8s_8s_17s_17_4_1_U12    | 1   |        | sext_ln45_14 | sext  | dsp_slice | 3       |
|    mul_8s_8s_16_1_1_U2                |     |        | mul_ln45_15  | mul   | auto      | 0       |
|    mac_muladd_8s_8s_32s_32_4_1_U9     | 1   |        | add_ln45     | add   | dsp_slice | 3       |
|    mac_muladd_8s_8s_16s_17_4_1_U11    | 1   |        | add_ln45_1   | add   | dsp_slice | 3       |
|    add_ln45_2_fu_732_p2               |     |        | add_ln45_2   | add   | fabric    | 0       |
|    mac_muladd_8s_8s_16s_17_4_1_U13    | 1   |        | add_ln45_3   | add   | dsp_slice | 3       |
|    mac_muladd_8s_8s_16s_17_4_1_U14    | 1   |        | add_ln45_4   | add   | dsp_slice | 3       |
|    add_ln45_5_fu_776_p2               |     |        | add_ln45_5   | add   | fabric    | 0       |
|    mac_muladd_8s_8s_16s_17_4_1_U15    | 1   |        | add_ln45_7   | add   | dsp_slice | 3       |
|    mac_muladd_8s_8s_16s_17_4_1_U16    | 1   |        | add_ln45_8   | add   | dsp_slice | 3       |
|    add_ln45_9_fu_813_p2               |     |        | add_ln45_9   | add   | fabric    | 0       |
|    mac_muladd_8s_8s_16s_17_4_1_U17    | 1   |        | add_ln45_10  | add   | dsp_slice | 3       |
|    mac_muladd_8s_8s_16s_17_4_1_U10    | 1   |        | add_ln45_11  | add   | dsp_slice | 3       |
|    mac_muladd_8s_8s_17s_17_4_1_U12    | 1   |        | add_ln45_12  | add   | dsp_slice | 3       |
|    add_ln45_13_fu_828_p2              |     |        | add_ln45_13  | add   | fabric    | 0       |
|    add_ln45_14_fu_838_p2              |     |        | add_ln45_14  | add   | fabric    | 0       |
+---------------------------------------+-----+--------+--------------+-------+-----------+---------+


================================================================
== Storage Report
================================================================
  No bind storage info in design

================================================================
== Pragma Report
================================================================
  No pragmas found

