

================================================================
== Synthesis Summary Report of 'vadd_i8'
================================================================
+ General Information: 
    * Date:           Thu Apr 30 15:52:09 2026
    * Version:        2025.1 (Build 6135595 on May 21 2025)
    * Project:        proj
    * Solution:       solution1 (Vivado IP Flow Target)
    * Product family: artix7
    * Target device:  xc7a100t-csg324-1
    

+ Performance & Resource Estimates: 
    
    PS: '+' for module; 'o' for loop; '*' for dataflow
    +-------------------------------------+------+------+---------+---------+----------+---------+------+----------+------+----+----------+-----------+-----+
    |               Modules               | Issue|      |      Latency      | Iteration|         | Trip |          |      |    |          |           |     |
    |               & Loops               | Type | Slack| (cycles)|   (ns)  |  Latency | Interval| Count| Pipelined| BRAM | DSP|    FF    |    LUT    | URAM|
    +-------------------------------------+------+------+---------+---------+----------+---------+------+----------+------+----+----------+-----------+-----+
    |+ vadd_i8                            |     -|  0.88|       39|  390.000|         -|       40|     -|        no|     -|   -|  26 (~0%)|  207 (~0%)|    -|
    | + vadd_i8_Pipeline_VITIS_LOOP_23_1  |     -|  1.68|       18|  180.000|         -|       17|     -|    rewind|     -|   -|   7 (~0%)|   54 (~0%)|    -|
    |  o VITIS_LOOP_23_1                  |     -|  7.30|       16|  160.000|         1|        1|    16|       yes|     -|   -|         -|          -|    -|
    | + vadd_i8_Pipeline_l_S_i_0_i        |     -|  0.88|       18|  180.000|         -|       17|     -|    rewind|     -|   -|  13 (~0%)|   80 (~0%)|    -|
    |  o l_S_i_0_i                        |     -|  7.30|       16|  160.000|         2|        1|    16|       yes|     -|   -|         -|          -|    -|
    +-------------------------------------+------+------+---------+---------+----------+---------+------+----------+------+----+----------+-----------+-----+


================================================================
== HW Interfaces
================================================================
* AP_MEMORY
+-------------+-----------+----------+
| Port        | Direction | Bitwidth |
+-------------+-----------+----------+
| v0_address0 | out       | 4        |
| v0_q0       | in        | 8        |
| v1_address0 | out       | 4        |
| v1_q0       | in        | 8        |
| v2_address0 | out       | 4        |
| v2_d0       | out       | 8        |
+-------------+-----------+----------+

* TOP LEVEL CONTROL
+-----------+------------+-----------------------------------+
| Interface | Type       | Ports                             |
+-----------+------------+-----------------------------------+
| ap_clk    | clock      | ap_clk                            |
| ap_rst    | reset      | ap_rst                            |
| ap_ctrl   | ap_ctrl_hs | ap_done ap_idle ap_ready ap_start |
+-----------+------------+-----------------------------------+


================================================================
== SW I/O Information
================================================================
* Top Function Arguments
+----------+-----------+--------------+
| Argument | Direction | Datatype     |
+----------+-----------+--------------+
| v0       | in        | signed char* |
| v1       | in        | signed char* |
| v2       | out       | signed char* |
+----------+-----------+--------------+

* SW-to-HW Mapping
+----------+--------------+---------+----------+
| Argument | HW Interface | HW Type | HW Usage |
+----------+--------------+---------+----------+
| v0       | v0_address0  | port    | offset   |
| v0       | v0_ce0       | port    |          |
| v0       | v0_q0        | port    |          |
| v1       | v1_address0  | port    | offset   |
| v1       | v1_ce0       | port    |          |
| v1       | v1_q0        | port    |          |
| v2       | v2_address0  | port    | offset   |
| v2       | v2_ce0       | port    |          |
| v2       | v2_we0       | port    |          |
| v2       | v2_d0        | port    |          |
+----------+--------------+---------+----------+


================================================================
== Bind Op Report
================================================================
+-------------------------------------+-----+--------+-----------+-------+--------+---------+
| Name                                | DSP | Pragma | Variable  | Op    | Impl   | Latency |
+-------------------------------------+-----+--------+-----------+-------+--------+---------+
| + vadd_i8                           | 0   |        |           |       |        |         |
|  + vadd_i8_Pipeline_VITIS_LOOP_23_1 | 0   |        |           |       |        |         |
|    icmp_ln23_fu_60_p2               |     |        | icmp_ln23 | seteq | auto   | 0       |
|    add_ln23_fu_66_p2                |     |        | add_ln23  | add   | fabric | 0       |
|  + vadd_i8_Pipeline_l_S_i_0_i       | 0   |        |           |       |        |         |
|    icmp_ln26_fu_87_p2               |     |        | icmp_ln26 | seteq | auto   | 0       |
|    add_ln26_fu_93_p2                |     |        | add_ln26  | add   | fabric | 0       |
|    v19_fu_110_p2                    |     |        | v19       | add   | fabric | 0       |
+-------------------------------------+-----+--------+-----------+-------+--------+---------+


================================================================
== Storage Report
================================================================
  No bind storage info in design

================================================================
== Pragma Report
================================================================
  No pragmas found

